<?xml version="1.0" encoding="UTF-8"?>
<!-- Generated by org.testng.reporters.JUnitReportReporter -->
<testsuite skipped="0" hostname="DESKTOP-1Q7PT2D" name="Test.Test" tests="1" failures="0" timestamp="14 Oct 2018 12:32:45 GMT" time="2.999" errors="0">
  <testcase name="test_Home_Page_Appear_Correct" time="2.999" classname="Test.Test"/>
</testsuite> <!-- Test.Test -->
